build/app/outputs/mapping/release/mapping.txt
# compiler: R8
# compiler_version: 1.5.64
# min_api: 21
# pg_map_id: 1798a4c
...
io.opencensus.stats.NoopStats$NoopMeasureMap -> c.c.d.e$b:
    boolean hasUnsupportedValues -> a
    java.util.logging.Logger logger -> b
    io.opencensus.stats.MeasureMap put(io.opencensus.stats.Measure$MeasureDouble,double) -> a
    io.opencensus.stats.MeasureMap put(io.opencensus.stats.Measure$MeasureLong,long) -> a
    void record(io.opencensus.tags.TagContext) -> a
io.opencensus.stats.NoopStats$NoopStatsComponent -> c.c.d.e$c:
    io.opencensus.stats.StatsRecorder getStatsRecorder() -> a
io.opencensus.stats.NoopStats$NoopStatsRecorder -> c.c.d.e$d:
    io.opencensus.stats.StatsRecorder INSTANCE -> a
    io.opencensus.stats.MeasureMap newMeasureMap() -> a
io.opencensus.stats.NoopStats$NoopViewManager -> c.c.d.e$e:
io.opencensus.stats.Stats -> c.c.d.f:
    io.opencensus.stats.StatsComponent statsComponent -> b
    java.util.logging.Logger logger -> a
    io.opencensus.stats.StatsRecorder getStatsRecorder() -> a
    io.opencensus.stats.StatsComponent loadStatsComponent(java.lang.ClassLoader) -> a
io.opencensus.stats.StatsComponent -> c.c.d.g:
    io.opencensus.stats.StatsRecorder getStatsRecorder() -> a
io.opencensus.stats.StatsRecorder -> c.c.d.h:
    io.opencensus.stats.MeasureMap newMeasureMap() -> a
io.opencensus.stats.ViewManager -> c.c.d.i:
io.opencensus.tags.AutoValue_TagKey -> c.c.e.a:
    java.lang.String name -> a
    java.lang.String getName() -> a
io.opencensus.tags.AutoValue_TagMetadata -> c.c.e.b:
    io.opencensus.tags.TagMetadata$TagTtl tagTtl -> a
    io.opencensus.tags.TagMetadata$TagTtl getTagTtl() -> a
io.opencensus.tags.AutoValue_TagValue -> c.c.e.c:
    java.lang.String asString -> a
    java.lang.String asString() -> a
io.opencensus.tags.NoopTags -> c.c.e.d:
    io.opencensus.tags.TagContext getNoopTagContext() -> a
    io.opencensus.tags.propagation.TagContextBinarySerializer getNoopTagContextBinarySerializer() -> b
    io.opencensus.tags.TagContextBuilder getNoopTagContextBuilder() -> c
    io.opencensus.tags.propagation.TagPropagationComponent getNoopTagPropagationComponent() -> d
    io.opencensus.tags.Tagger getNoopTagger() -> e
    io.opencensus.tags.TagsComponent newNoopTagsComponent() -> f
io.opencensus.tags.NoopTags$1 -> c.c.e.d$a:
io.opencensus.tags.NoopTags$NoopTagContext -> c.c.e.d$b:
    io.opencensus.tags.TagContext INSTANCE -> a
    java.util.Iterator getIterator() -> a
io.opencensus.tags.NoopTags$NoopTagContextBinarySerializer -> c.c.e.d$c:
    byte[] EMPTY_BYTE_ARRAY -> b
    io.opencensus.tags.propagation.TagContextBinarySerializer INSTANCE -> a
    io.opencensus.tags.TagContext fromByteArray(byte[]) -> a
    byte[] toByteArray(io.opencensus.tags.TagContext) -> a
io.opencensus.tags.NoopTags$NoopTagContextBuilder -> c.c.e.d$d:
    io.opencensus.tags.TagContextBuilder INSTANCE -> b
    io.opencensus.tags.TagContext build() -> a
    io.opencensus.tags.TagContextBuilder put(io.opencensus.tags.TagKey,io.opencensus.tags.TagValue,io.opencensus.tags.TagMetadata) -> a
io.opencensus.tags.NoopTags$NoopTagPropagationComponent -> c.c.e.d$e:
    io.opencensus.tags.propagation.TagPropagationComponent INSTANCE -> a
    io.opencensus.tags.propagation.TagContextBinarySerializer getBinarySerializer() -> a
io.opencensus.tags.NoopTags$NoopTagger -> c.c.e.d$f:
    io.opencensus.tags.Tagger INSTANCE -> a
    io.opencensus.tags.TagContext empty() -> a
    io.opencensus.tags.TagContextBuilder toBuilder(io.opencensus.tags.TagContext) -> a
    io.opencensus.tags.TagContext getCurrentTagContext() -> b
io.opencensus.tags.NoopTags$NoopTagsComponent -> c.c.e.d$g:
    io.opencensus.tags.propagation.TagPropagationComponent getTagPropagationComponent() -> a
    io.opencensus.tags.Tagger getTagger() -> b
io.opencensus.tags.Tag -> c.c.e.e:
io.opencensus.tags.TagContext -> c.c.e.f:
    java.util.Iterator getIterator() -> a